Sun, 21 Jan 2018 01:25:20 /data/love_spider/util/search.py [line:130] INFO [INFO] Search init success
Sun, 21 Jan 2018 01:25:20 /data/love_spider/public/db/search_db.py [line:28] INFO [INFO] GET goods_goods: this_page:0 - page_size:500
Sun, 21 Jan 2018 01:25:21 /root/.virtualenvs/love_spider/lib/python3.5/site-packages/jieba/__init__.py [line:111] DEBUG Building prefix dict from the default dictionary ...
Sun, 21 Jan 2018 01:25:21 /root/.virtualenvs/love_spider/lib/python3.5/site-packages/jieba/__init__.py [line:131] DEBUG Loading model from cache /tmp/jieba.cache
Sun, 21 Jan 2018 01:29:30 /root/.virtualenvs/love_spider/lib/python3.5/site-packages/jieba/__init__.py [line:163] DEBUG Loading model cost 249.367 seconds.
Sun, 21 Jan 2018 01:29:30 /root/.virtualenvs/love_spider/lib/python3.5/site-packages/jieba/__init__.py [line:164] DEBUG Prefix dict has been built succesfully.
Sun, 21 Jan 2018 01:29:30 /data/love_spider/util/search.py [line:149] INFO [INFO] save to store 2581
Sun, 21 Jan 2018 01:29:30 /data/love_spider/util/search.py [line:149] INFO [INFO] save to store 2582
Sun, 21 Jan 2018 01:29:30 /data/love_spider/util/search.py [line:149] INFO [INFO] save to store 2583
Sun, 21 Jan 2018 01:29:30 /data/love_spider/util/search.py [line:149] INFO [INFO] save to store 2584
Sun, 21 Jan 2018 01:29:30 /data/love_spider/util/search.py [line:149] INFO [INFO] save to store 2585
Sun, 21 Jan 2018 01:29:30 /data/love_spider/util/search.py [line:149] INFO [INFO] save to store 2586
Sun, 21 Jan 2018 01:29:30 /data/love_spider/util/search.py [line:149] INFO [INFO] save to store 2587
Sun, 21 Jan 2018 01:29:30 /data/love_spider/util/search.py [line:149] INFO [INFO] save to store 2588
Sun, 21 Jan 2018 01:29:30 /data/love_spider/util/search.py [line:149] INFO [INFO] save to store 2589
Sun, 21 Jan 2018 01:29:30 /data/love_spider/util/search.py [line:149] INFO [INFO] save to store 2590
Sun, 21 Jan 2018 01:29:30 /data/love_spider/util/search.py [line:149] INFO [INFO] save to store 2591
Sun, 21 Jan 2018 01:29:30 /data/love_spider/util/search.py [line:149] INFO [INFO] save to store 2592
Sun, 21 Jan 2018 01:29:30 /data/love_spider/util/search.py [line:149] INFO [INFO] save to store 2593
Sun, 21 Jan 2018 01:29:30 /data/love_spider/util/search.py [line:149] INFO [INFO] save to store 2594
Sun, 21 Jan 2018 01:29:30 /data/love_spider/util/search.py [line:149] INFO [INFO] save to store 2595
Sun, 21 Jan 2018 01:29:30 /data/love_spider/util/search.py [line:149] INFO [INFO] save to store 2596
Sun, 21 Jan 2018 01:29:30 /data/love_spider/util/search.py [line:149] INFO [INFO] save to store 2597
Sun, 21 Jan 2018 01:29:30 /data/love_spider/util/search.py [line:149] INFO [INFO] save to store 2598
Sun, 21 Jan 2018 01:29:30 /data/love_spider/util/search.py [line:149] INFO [INFO] save to store 2599
Sun, 21 Jan 2018 01:29:30 /data/love_spider/util/search.py [line:149] INFO [INFO] save to store 2600
Sun, 21 Jan 2018 01:29:30 /data/love_spider/util/search.py [line:149] INFO [INFO] save to store 2601
Sun, 21 Jan 2018 01:29:30 /data/love_spider/util/search.py [line:149] INFO [INFO] save to store 2602
Sun, 21 Jan 2018 01:29:30 /data/love_spider/util/search.py [line:149] INFO [INFO] save to store 2603
Sun, 21 Jan 2018 01:29:30 /data/love_spider/util/search.py [line:149] INFO [INFO] save to store 2604
Sun, 21 Jan 2018 01:29:30 /data/love_spider/util/search.py [line:149] INFO [INFO] save to store 2605
Sun, 21 Jan 2018 01:29:30 /data/love_spider/util/search.py [line:149] INFO [INFO] save to store 2606
Sun, 21 Jan 2018 01:29:30 /data/love_spider/util/search.py [line:149] INFO [INFO] save to store 2607
Sun, 21 Jan 2018 01:29:30 /data/love_spider/util/search.py [line:149] INFO [INFO] save to store 2608
Sun, 21 Jan 2018 01:29:30 /data/love_spider/util/search.py [line:149] INFO [INFO] save to store 2609
Sun, 21 Jan 2018 01:29:30 /data/love_spider/util/search.py [line:149] INFO [INFO] save to store 2610
Sun, 21 Jan 2018 01:29:30 /data/love_spider/util/search.py [line:149] INFO [INFO] save to store 2611
Sun, 21 Jan 2018 01:29:30 /data/love_spider/util/search.py [line:149] INFO [INFO] save to store 2612
Sun, 21 Jan 2018 01:29:30 /data/love_spider/util/search.py [line:149] INFO [INFO] save to store 2613
Sun, 21 Jan 2018 01:29:31 /data/love_spider/util/search.py [line:149] INFO [INFO] save to store 2614
Sun, 21 Jan 2018 01:29:31 /data/love_spider/util/search.py [line:149] INFO [INFO] save to store 2615
Sun, 21 Jan 2018 01:29:31 /data/love_spider/util/search.py [line:149] INFO [INFO] save to store 2616
Sun, 21 Jan 2018 01:29:31 /data/love_spider/util/search.py [line:149] INFO [INFO] save to store 2617
Sun, 21 Jan 2018 01:29:31 /data/love_spider/util/search.py [line:149] INFO [INFO] save to store 2618
Sun, 21 Jan 2018 01:29:31 /data/love_spider/util/search.py [line:149] INFO [INFO] save to store 2619
Sun, 21 Jan 2018 01:29:31 /data/love_spider/util/search.py [line:149] INFO [INFO] save to store 2620
Sun, 21 Jan 2018 01:29:31 /data/love_spider/util/search.py [line:149] INFO [INFO] save to store 2621
Sun, 21 Jan 2018 01:29:31 /data/love_spider/util/search.py [line:149] INFO [INFO] save to store 2622
Sun, 21 Jan 2018 01:29:31 /data/love_spider/util/search.py [line:149] INFO [INFO] save to store 2623
Sun, 21 Jan 2018 01:29:31 /data/love_spider/util/search.py [line:149] INFO [INFO] save to store 2624
Sun, 21 Jan 2018 01:29:31 /data/love_spider/util/search.py [line:149] INFO [INFO] save to store 2625
Sun, 21 Jan 2018 01:29:31 /data/love_spider/util/search.py [line:149] INFO [INFO] save to store 2626
Sun, 21 Jan 2018 01:29:31 /data/love_spider/util/search.py [line:149] INFO [INFO] save to store 2627
Sun, 21 Jan 2018 01:29:31 /data/love_spider/util/search.py [line:149] INFO [INFO] save to store 2628
Sun, 21 Jan 2018 01:29:31 /data/love_spider/util/search.py [line:149] INFO [INFO] save to store 2629
Sun, 21 Jan 2018 01:29:31 /data/love_spider/util/search.py [line:149] INFO [INFO] save to store 2630
Sun, 21 Jan 2018 01:29:31 /data/love_spider/util/search.py [line:149] INFO [INFO] save to store 2631
Sun, 21 Jan 2018 01:29:31 /data/love_spider/util/search.py [line:149] INFO [INFO] save to store 2632
Sun, 21 Jan 2018 01:29:31 /data/love_spider/util/search.py [line:149] INFO [INFO] save to store 2633
Sun, 21 Jan 2018 01:29:31 /data/love_spider/util/search.py [line:149] INFO [INFO] save to store 2634
Sun, 21 Jan 2018 01:29:31 /data/love_spider/util/search.py [line:149] INFO [INFO] save to store 2635
Sun, 21 Jan 2018 01:29:31 /data/love_spider/util/search.py [line:149] INFO [INFO] save to store 2636
Sun, 21 Jan 2018 01:29:31 /data/love_spider/util/search.py [line:149] INFO [INFO] save to store 2637
Sun, 21 Jan 2018 01:29:31 /data/love_spider/util/search.py [line:149] INFO [INFO] save to store 2638
Sun, 21 Jan 2018 01:29:31 /data/love_spider/util/search.py [line:149] INFO [INFO] save to store 2639
Sun, 21 Jan 2018 01:29:31 /data/love_spider/util/search.py [line:149] INFO [INFO] save to store 2640
Sun, 21 Jan 2018 01:29:31 /data/love_spider/util/search.py [line:149] INFO [INFO] save to store 2641
Sun, 21 Jan 2018 01:29:31 /data/love_spider/util/search.py [line:149] INFO [INFO] save to store 2642
Sun, 21 Jan 2018 01:29:31 /data/love_spider/util/search.py [line:149] INFO [INFO] save to store 2643
Sun, 21 Jan 2018 01:29:31 /data/love_spider/util/search.py [line:149] INFO [INFO] save to store 2644
Sun, 21 Jan 2018 01:29:31 /data/love_spider/util/search.py [line:149] INFO [INFO] save to store 2645
Sun, 21 Jan 2018 01:29:31 /data/love_spider/util/search.py [line:149] INFO [INFO] save to store 2646
Sun, 21 Jan 2018 01:29:31 /data/love_spider/util/search.py [line:149] INFO [INFO] save to store 2647
Sun, 21 Jan 2018 01:29:31 /data/love_spider/util/search.py [line:149] INFO [INFO] save to store 2648
Sun, 21 Jan 2018 01:29:31 /data/love_spider/util/search.py [line:149] INFO [INFO] save to store 2649
Sun, 21 Jan 2018 01:29:31 /data/love_spider/util/search.py [line:149] INFO [INFO] save to store 2650
Sun, 21 Jan 2018 01:29:31 /data/love_spider/util/search.py [line:149] INFO [INFO] save to store 2651
Sun, 21 Jan 2018 01:29:31 /data/love_spider/util/search.py [line:149] INFO [INFO] save to store 2652
Sun, 21 Jan 2018 01:29:31 /data/love_spider/util/search.py [line:149] INFO [INFO] save to store 2653
Sun, 21 Jan 2018 01:29:31 /data/love_spider/util/search.py [line:149] INFO [INFO] save to store 2654
Sun, 21 Jan 2018 01:29:31 /data/love_spider/util/search.py [line:149] INFO [INFO] save to store 2655
Sun, 21 Jan 2018 01:29:31 /data/love_spider/util/search.py [line:149] INFO [INFO] save to store 2656
Sun, 21 Jan 2018 01:29:31 /data/love_spider/util/search.py [line:149] INFO [INFO] save to store 2657
Sun, 21 Jan 2018 01:29:31 /data/love_spider/util/search.py [line:149] INFO [INFO] save to store 2658
Sun, 21 Jan 2018 01:29:31 /data/love_spider/util/search.py [line:149] INFO [INFO] save to store 2659
Sun, 21 Jan 2018 01:29:31 /data/love_spider/util/search.py [line:149] INFO [INFO] save to store 2660
Sun, 21 Jan 2018 01:29:31 /data/love_spider/util/search.py [line:149] INFO [INFO] save to store 2661
Sun, 21 Jan 2018 01:29:31 /data/love_spider/util/search.py [line:149] INFO [INFO] save to store 2662
Sun, 21 Jan 2018 01:29:33 /data/love_spider/util/search.py [line:149] INFO [INFO] save to store 2663
Sun, 21 Jan 2018 01:29:34 /data/love_spider/util/search.py [line:149] INFO [INFO] save to store 2664
Sun, 21 Jan 2018 01:29:35 /data/love_spider/util/search.py [line:149] INFO [INFO] save to store 2665
Sun, 21 Jan 2018 01:29:36 /data/love_spider/util/search.py [line:149] INFO [INFO] save to store 2666
Sun, 21 Jan 2018 01:29:36 /data/love_spider/util/search.py [line:149] INFO [INFO] save to store 2667
Sun, 21 Jan 2018 01:29:36 /data/love_spider/util/search.py [line:149] INFO [INFO] save to store 2668
Sun, 21 Jan 2018 01:29:36 /data/love_spider/util/search.py [line:149] INFO [INFO] save to store 2669
Sun, 21 Jan 2018 01:29:36 /data/love_spider/util/search.py [line:149] INFO [INFO] save to store 2670
Sun, 21 Jan 2018 01:29:37 /data/love_spider/util/search.py [line:149] INFO [INFO] save to store 2671
Sun, 21 Jan 2018 01:29:37 /data/love_spider/util/search.py [line:149] INFO [INFO] save to store 2672
Sun, 21 Jan 2018 01:29:37 /data/love_spider/util/search.py [line:149] INFO [INFO] save to store 2673
Sun, 21 Jan 2018 01:29:37 /data/love_spider/util/search.py [line:149] INFO [INFO] save to store 2674
Sun, 21 Jan 2018 01:29:37 /data/love_spider/util/search.py [line:149] INFO [INFO] save to store 2675
Sun, 21 Jan 2018 01:29:37 /data/love_spider/util/search.py [line:149] INFO [INFO] save to store 2676
Sun, 21 Jan 2018 01:29:38 /data/love_spider/util/search.py [line:149] INFO [INFO] save to store 2677
Sun, 21 Jan 2018 01:29:38 /data/love_spider/util/search.py [line:149] INFO [INFO] save to store 2678
Sun, 21 Jan 2018 01:29:38 /data/love_spider/util/search.py [line:149] INFO [INFO] save to store 2679
Sun, 21 Jan 2018 01:29:38 /data/love_spider/util/search.py [line:149] INFO [INFO] save to store 2680
Sun, 21 Jan 2018 01:29:38 /data/love_spider/util/search.py [line:149] INFO [INFO] save to store 2681
Sun, 21 Jan 2018 01:29:38 /data/love_spider/util/search.py [line:149] INFO [INFO] save to store 2682
Sun, 21 Jan 2018 01:29:38 /data/love_spider/util/search.py [line:149] INFO [INFO] save to store 2683
Sun, 21 Jan 2018 01:29:38 /data/love_spider/util/search.py [line:149] INFO [INFO] save to store 2684
Sun, 21 Jan 2018 01:29:38 /data/love_spider/util/search.py [line:149] INFO [INFO] save to store 2685
Sun, 21 Jan 2018 01:29:38 /data/love_spider/util/search.py [line:149] INFO [INFO] save to store 2686
Sun, 21 Jan 2018 01:29:39 /data/love_spider/util/search.py [line:149] INFO [INFO] save to store 2687
Sun, 21 Jan 2018 01:29:39 /data/love_spider/util/search.py [line:149] INFO [INFO] save to store 2688
Sun, 21 Jan 2018 01:29:39 /data/love_spider/util/search.py [line:149] INFO [INFO] save to store 2689
Sun, 21 Jan 2018 01:29:39 /data/love_spider/util/search.py [line:149] INFO [INFO] save to store 2690
Sun, 21 Jan 2018 01:29:39 /data/love_spider/util/search.py [line:149] INFO [INFO] save to store 2691
Sun, 21 Jan 2018 01:29:39 /data/love_spider/util/search.py [line:149] INFO [INFO] save to store 2692
Sun, 21 Jan 2018 01:29:39 /data/love_spider/util/search.py [line:149] INFO [INFO] save to store 2693
Sun, 21 Jan 2018 01:29:40 /data/love_spider/util/search.py [line:149] INFO [INFO] save to store 2694
Sun, 21 Jan 2018 01:29:40 /data/love_spider/util/search.py [line:149] INFO [INFO] save to store 2695
Sun, 21 Jan 2018 01:29:40 /data/love_spider/util/search.py [line:149] INFO [INFO] save to store 2696
Sun, 21 Jan 2018 01:29:40 /data/love_spider/util/search.py [line:149] INFO [INFO] save to store 2697
Sun, 21 Jan 2018 01:29:40 /data/love_spider/util/search.py [line:149] INFO [INFO] save to store 2698
Sun, 21 Jan 2018 01:29:40 /data/love_spider/util/search.py [line:149] INFO [INFO] save to store 2699
Sun, 21 Jan 2018 01:29:40 /data/love_spider/util/search.py [line:149] INFO [INFO] save to store 2700
Sun, 21 Jan 2018 01:29:40 /data/love_spider/util/search.py [line:149] INFO [INFO] save to store 2701
Sun, 21 Jan 2018 01:29:40 /data/love_spider/util/search.py [line:149] INFO [INFO] save to store 2702
Sun, 21 Jan 2018 01:29:41 /data/love_spider/util/search.py [line:149] INFO [INFO] save to store 2703
Sun, 21 Jan 2018 01:29:41 /data/love_spider/util/search.py [line:149] INFO [INFO] save to store 2704
Sun, 21 Jan 2018 01:29:41 /data/love_spider/util/search.py [line:149] INFO [INFO] save to store 2705
Sun, 21 Jan 2018 01:29:41 /data/love_spider/util/search.py [line:149] INFO [INFO] save to store 2706
Sun, 21 Jan 2018 01:29:41 /data/love_spider/util/search.py [line:149] INFO [INFO] save to store 2707
Sun, 21 Jan 2018 01:29:41 /data/love_spider/util/search.py [line:149] INFO [INFO] save to store 2708
Sun, 21 Jan 2018 01:29:41 /data/love_spider/util/search.py [line:149] INFO [INFO] save to store 2709
Sun, 21 Jan 2018 01:29:41 /data/love_spider/util/search.py [line:149] INFO [INFO] save to store 2710
Sun, 21 Jan 2018 01:29:41 /data/love_spider/util/search.py [line:149] INFO [INFO] save to store 2711
Sun, 21 Jan 2018 01:29:41 /data/love_spider/util/search.py [line:149] INFO [INFO] save to store 2712
Sun, 21 Jan 2018 01:29:41 /data/love_spider/util/search.py [line:149] INFO [INFO] save to store 2713
Sun, 21 Jan 2018 01:29:41 /data/love_spider/util/search.py [line:149] INFO [INFO] save to store 2714
Sun, 21 Jan 2018 01:29:41 /data/love_spider/util/search.py [line:149] INFO [INFO] save to store 2715
Sun, 21 Jan 2018 01:29:41 /data/love_spider/util/search.py [line:149] INFO [INFO] save to store 2716
Sun, 21 Jan 2018 01:29:41 /data/love_spider/util/search.py [line:149] INFO [INFO] save to store 2717
Sun, 21 Jan 2018 01:29:41 /data/love_spider/util/search.py [line:149] INFO [INFO] save to store 2718
Sun, 21 Jan 2018 01:29:41 /data/love_spider/util/search.py [line:149] INFO [INFO] save to store 2719
Sun, 21 Jan 2018 01:29:42 /data/love_spider/util/search.py [line:149] INFO [INFO] save to store 2720
Sun, 21 Jan 2018 01:29:42 /data/love_spider/util/search.py [line:149] INFO [INFO] save to store 2721
Sun, 21 Jan 2018 01:29:42 /data/love_spider/util/search.py [line:149] INFO [INFO] save to store 2722
Sun, 21 Jan 2018 01:29:42 /data/love_spider/util/search.py [line:149] INFO [INFO] save to store 2723
Sun, 21 Jan 2018 01:29:42 /data/love_spider/util/search.py [line:149] INFO [INFO] save to store 2724
Sun, 21 Jan 2018 01:29:42 /data/love_spider/util/search.py [line:149] INFO [INFO] save to store 2725
Sun, 21 Jan 2018 01:29:42 /data/love_spider/util/search.py [line:149] INFO [INFO] save to store 2726
Sun, 21 Jan 2018 01:29:42 /data/love_spider/util/search.py [line:149] INFO [INFO] save to store 2727
Sun, 21 Jan 2018 01:29:42 /data/love_spider/util/search.py [line:149] INFO [INFO] save to store 2728
Sun, 21 Jan 2018 01:29:42 /data/love_spider/util/search.py [line:149] INFO [INFO] save to store 2729
Sun, 21 Jan 2018 01:29:42 /data/love_spider/util/search.py [line:149] INFO [INFO] save to store 2730
Sun, 21 Jan 2018 01:29:42 /data/love_spider/util/search.py [line:149] INFO [INFO] save to store 2731
Sun, 21 Jan 2018 01:29:42 /data/love_spider/util/search.py [line:149] INFO [INFO] save to store 2732
Sun, 21 Jan 2018 01:29:42 /data/love_spider/util/search.py [line:149] INFO [INFO] save to store 2733
Sun, 21 Jan 2018 01:29:42 /data/love_spider/util/search.py [line:149] INFO [INFO] save to store 2734
Sun, 21 Jan 2018 01:29:42 /data/love_spider/util/search.py [line:149] INFO [INFO] save to store 2735
Sun, 21 Jan 2018 01:29:42 /data/love_spider/util/search.py [line:149] INFO [INFO] save to store 2736
Sun, 21 Jan 2018 01:29:42 /data/love_spider/util/search.py [line:149] INFO [INFO] save to store 2737
Sun, 21 Jan 2018 01:29:42 /data/love_spider/util/search.py [line:149] INFO [INFO] save to store 2738
Sun, 21 Jan 2018 01:29:42 /data/love_spider/util/search.py [line:149] INFO [INFO] save to store 2739
Sun, 21 Jan 2018 01:29:43 /data/love_spider/util/search.py [line:149] INFO [INFO] save to store 2740
Sun, 21 Jan 2018 01:29:43 /data/love_spider/util/search.py [line:149] INFO [INFO] save to store 2741
Sun, 21 Jan 2018 01:29:43 /data/love_spider/util/search.py [line:149] INFO [INFO] save to store 2742
Sun, 21 Jan 2018 01:29:43 /data/love_spider/util/search.py [line:149] INFO [INFO] save to store 2743
Sun, 21 Jan 2018 01:29:43 /data/love_spider/util/search.py [line:149] INFO [INFO] save to store 2744
Sun, 21 Jan 2018 01:29:43 /data/love_spider/util/search.py [line:149] INFO [INFO] save to store 2745
Sun, 21 Jan 2018 01:29:43 /data/love_spider/util/search.py [line:149] INFO [INFO] save to store 2746
Sun, 21 Jan 2018 01:29:43 /data/love_spider/util/search.py [line:149] INFO [INFO] save to store 2747
Sun, 21 Jan 2018 01:29:43 /data/love_spider/util/search.py [line:149] INFO [INFO] save to store 2748
Sun, 21 Jan 2018 01:29:43 /data/love_spider/util/search.py [line:149] INFO [INFO] save to store 2749
Sun, 21 Jan 2018 01:29:43 /data/love_spider/util/search.py [line:149] INFO [INFO] save to store 2750
Sun, 21 Jan 2018 01:29:43 /data/love_spider/util/search.py [line:149] INFO [INFO] save to store 2751
Sun, 21 Jan 2018 01:29:43 /data/love_spider/util/search.py [line:149] INFO [INFO] save to store 2752
Sun, 21 Jan 2018 01:29:43 /data/love_spider/util/search.py [line:149] INFO [INFO] save to store 2753
Sun, 21 Jan 2018 01:29:44 /data/love_spider/util/search.py [line:149] INFO [INFO] save to store 2754
Sun, 21 Jan 2018 01:29:44 /data/love_spider/util/search.py [line:149] INFO [INFO] save to store 2755
Sun, 21 Jan 2018 01:29:44 /data/love_spider/util/search.py [line:149] INFO [INFO] save to store 2756
Sun, 21 Jan 2018 01:29:44 /data/love_spider/util/search.py [line:149] INFO [INFO] save to store 2757
Sun, 21 Jan 2018 01:29:44 /data/love_spider/util/search.py [line:149] INFO [INFO] save to store 2758
Sun, 21 Jan 2018 01:29:44 /data/love_spider/util/search.py [line:149] INFO [INFO] save to store 2759
Sun, 21 Jan 2018 01:29:44 /data/love_spider/util/search.py [line:149] INFO [INFO] save to store 2760
Sun, 21 Jan 2018 01:29:44 /data/love_spider/util/search.py [line:149] INFO [INFO] save to store 2761
Sun, 21 Jan 2018 01:29:44 /data/love_spider/util/search.py [line:149] INFO [INFO] save to store 2762
Sun, 21 Jan 2018 01:29:44 /data/love_spider/util/search.py [line:149] INFO [INFO] save to store 2763
Sun, 21 Jan 2018 01:29:44 /data/love_spider/util/search.py [line:149] INFO [INFO] save to store 2764
Sun, 21 Jan 2018 01:29:44 /data/love_spider/util/search.py [line:149] INFO [INFO] save to store 2765
Sun, 21 Jan 2018 01:29:44 /data/love_spider/util/search.py [line:149] INFO [INFO] save to store 2766
Sun, 21 Jan 2018 01:29:44 /data/love_spider/util/search.py [line:149] INFO [INFO] save to store 2767
Sun, 21 Jan 2018 01:29:44 /data/love_spider/util/search.py [line:149] INFO [INFO] save to store 2768
Sun, 21 Jan 2018 01:29:44 /data/love_spider/util/search.py [line:149] INFO [INFO] save to store 2769
Sun, 21 Jan 2018 01:29:44 /data/love_spider/util/search.py [line:149] INFO [INFO] save to store 2770
Sun, 21 Jan 2018 01:29:44 /data/love_spider/util/search.py [line:149] INFO [INFO] save to store 2771
Sun, 21 Jan 2018 01:29:44 /data/love_spider/util/search.py [line:149] INFO [INFO] save to store 2772
Sun, 21 Jan 2018 01:29:44 /data/love_spider/util/search.py [line:149] INFO [INFO] save to store 2773
Sun, 21 Jan 2018 01:29:44 /data/love_spider/util/search.py [line:149] INFO [INFO] save to store 2774
Sun, 21 Jan 2018 01:29:44 /data/love_spider/util/search.py [line:149] INFO [INFO] save to store 2775
Sun, 21 Jan 2018 01:29:45 /data/love_spider/util/search.py [line:149] INFO [INFO] save to store 2776
Sun, 21 Jan 2018 01:29:45 /data/love_spider/util/search.py [line:149] INFO [INFO] save to store 2777
Sun, 21 Jan 2018 01:29:45 /data/love_spider/util/search.py [line:149] INFO [INFO] save to store 2778
Sun, 21 Jan 2018 01:29:45 /data/love_spider/util/search.py [line:149] INFO [INFO] save to store 2779
Sun, 21 Jan 2018 01:29:45 /data/love_spider/util/search.py [line:149] INFO [INFO] save to store 2780
Sun, 21 Jan 2018 01:29:45 /data/love_spider/util/search.py [line:149] INFO [INFO] save to store 2781
Sun, 21 Jan 2018 01:29:45 /data/love_spider/util/search.py [line:149] INFO [INFO] save to store 2782
Sun, 21 Jan 2018 01:29:45 /data/love_spider/util/search.py [line:149] INFO [INFO] save to store 2783
Sun, 21 Jan 2018 01:29:45 /data/love_spider/util/search.py [line:149] INFO [INFO] save to store 2784
Sun, 21 Jan 2018 01:29:45 /data/love_spider/util/search.py [line:149] INFO [INFO] save to store 2785
Sun, 21 Jan 2018 01:29:45 /data/love_spider/util/search.py [line:149] INFO [INFO] save to store 2786
Sun, 21 Jan 2018 01:29:46 /data/love_spider/util/search.py [line:149] INFO [INFO] save to store 2787
Sun, 21 Jan 2018 01:29:46 /data/love_spider/util/search.py [line:149] INFO [INFO] save to store 2788
Sun, 21 Jan 2018 01:29:46 /data/love_spider/util/search.py [line:149] INFO [INFO] save to store 2789
Sun, 21 Jan 2018 01:29:46 /data/love_spider/util/search.py [line:149] INFO [INFO] save to store 2790
Sun, 21 Jan 2018 01:29:46 /data/love_spider/util/search.py [line:149] INFO [INFO] save to store 2791
Sun, 21 Jan 2018 01:29:46 /data/love_spider/util/search.py [line:149] INFO [INFO] save to store 2792
Sun, 21 Jan 2018 01:29:46 /data/love_spider/util/search.py [line:149] INFO [INFO] save to store 2793
Sun, 21 Jan 2018 01:29:46 /data/love_spider/util/search.py [line:149] INFO [INFO] save to store 2794
Sun, 21 Jan 2018 01:29:46 /data/love_spider/util/search.py [line:149] INFO [INFO] save to store 2795
Sun, 21 Jan 2018 01:29:46 /data/love_spider/util/search.py [line:149] INFO [INFO] save to store 2796
Sun, 21 Jan 2018 01:29:46 /data/love_spider/util/search.py [line:149] INFO [INFO] save to store 2797
Sun, 21 Jan 2018 01:29:46 /data/love_spider/util/search.py [line:149] INFO [INFO] save to store 2798
Sun, 21 Jan 2018 01:29:46 /data/love_spider/util/search.py [line:149] INFO [INFO] save to store 2799
Sun, 21 Jan 2018 01:29:46 /data/love_spider/util/search.py [line:149] INFO [INFO] save to store 2800
Sun, 21 Jan 2018 01:29:46 /data/love_spider/util/search.py [line:149] INFO [INFO] save to store 2801
Sun, 21 Jan 2018 01:29:46 /data/love_spider/util/search.py [line:149] INFO [INFO] save to store 2802
Sun, 21 Jan 2018 01:29:46 /data/love_spider/util/search.py [line:149] INFO [INFO] save to store 2803
Sun, 21 Jan 2018 01:29:46 /data/love_spider/util/search.py [line:149] INFO [INFO] save to store 2804
Sun, 21 Jan 2018 01:29:46 /data/love_spider/util/search.py [line:149] INFO [INFO] save to store 2805
Sun, 21 Jan 2018 01:29:46 /data/love_spider/util/search.py [line:149] INFO [INFO] save to store 2806
Sun, 21 Jan 2018 01:29:46 /data/love_spider/util/search.py [line:149] INFO [INFO] save to store 2807
Sun, 21 Jan 2018 01:29:46 /data/love_spider/util/search.py [line:149] INFO [INFO] save to store 2808
Sun, 21 Jan 2018 01:29:46 /data/love_spider/util/search.py [line:149] INFO [INFO] save to store 2809
Sun, 21 Jan 2018 01:29:46 /data/love_spider/util/search.py [line:149] INFO [INFO] save to store 2810
Sun, 21 Jan 2018 01:29:46 /data/love_spider/util/search.py [line:149] INFO [INFO] save to store 2811
Sun, 21 Jan 2018 01:29:46 /data/love_spider/util/search.py [line:149] INFO [INFO] save to store 2812
Sun, 21 Jan 2018 01:29:46 /data/love_spider/util/search.py [line:149] INFO [INFO] save to store 2813
Sun, 21 Jan 2018 01:29:46 /data/love_spider/util/search.py [line:149] INFO [INFO] save to store 2814
Sun, 21 Jan 2018 01:29:46 /data/love_spider/util/search.py [line:149] INFO [INFO] save to store 2815
Sun, 21 Jan 2018 01:29:46 /data/love_spider/util/search.py [line:149] INFO [INFO] save to store 2816
Sun, 21 Jan 2018 01:29:46 /data/love_spider/util/search.py [line:149] INFO [INFO] save to store 2817
Sun, 21 Jan 2018 01:29:46 /data/love_spider/util/search.py [line:149] INFO [INFO] save to store 2818
Sun, 21 Jan 2018 01:29:46 /data/love_spider/util/search.py [line:149] INFO [INFO] save to store 2819
Sun, 21 Jan 2018 01:29:46 /data/love_spider/util/search.py [line:149] INFO [INFO] save to store 2820
Sun, 21 Jan 2018 01:29:46 /data/love_spider/util/search.py [line:149] INFO [INFO] save to store 2821
Sun, 21 Jan 2018 01:29:46 /data/love_spider/util/search.py [line:149] INFO [INFO] save to store 2822
Sun, 21 Jan 2018 01:29:46 /data/love_spider/util/search.py [line:149] INFO [INFO] save to store 2823
Sun, 21 Jan 2018 01:29:46 /data/love_spider/util/search.py [line:149] INFO [INFO] save to store 2824
Sun, 21 Jan 2018 01:29:46 /data/love_spider/util/search.py [line:149] INFO [INFO] save to store 2825
Sun, 21 Jan 2018 01:29:46 /data/love_spider/util/search.py [line:149] INFO [INFO] save to store 2826
Sun, 21 Jan 2018 01:29:46 /data/love_spider/util/search.py [line:149] INFO [INFO] save to store 2827
Sun, 21 Jan 2018 01:29:46 /data/love_spider/util/search.py [line:149] INFO [INFO] save to store 2828
Sun, 21 Jan 2018 01:29:46 /data/love_spider/util/search.py [line:149] INFO [INFO] save to store 2829
Sun, 21 Jan 2018 01:29:46 /data/love_spider/util/search.py [line:149] INFO [INFO] save to store 2830
Sun, 21 Jan 2018 01:29:46 /data/love_spider/util/search.py [line:149] INFO [INFO] save to store 2831
Sun, 21 Jan 2018 01:29:46 /data/love_spider/util/search.py [line:149] INFO [INFO] save to store 2832
Sun, 21 Jan 2018 01:29:47 /data/love_spider/util/search.py [line:149] INFO [INFO] save to store 2833
Sun, 21 Jan 2018 01:29:47 /data/love_spider/util/search.py [line:149] INFO [INFO] save to store 2834
Sun, 21 Jan 2018 01:29:47 /data/love_spider/util/search.py [line:149] INFO [INFO] save to store 2835
Sun, 21 Jan 2018 01:29:47 /data/love_spider/util/search.py [line:149] INFO [INFO] save to store 2836
Sun, 21 Jan 2018 01:29:47 /data/love_spider/util/search.py [line:149] INFO [INFO] save to store 2837
Sun, 21 Jan 2018 01:29:47 /data/love_spider/util/search.py [line:149] INFO [INFO] save to store 2838
Sun, 21 Jan 2018 01:29:47 /data/love_spider/util/search.py [line:149] INFO [INFO] save to store 2839
Sun, 21 Jan 2018 01:29:47 /data/love_spider/util/search.py [line:149] INFO [INFO] save to store 2840
Sun, 21 Jan 2018 01:29:47 /data/love_spider/util/search.py [line:149] INFO [INFO] save to store 2841
Sun, 21 Jan 2018 01:29:47 /data/love_spider/util/search.py [line:149] INFO [INFO] save to store 2842
Sun, 21 Jan 2018 01:29:47 /data/love_spider/util/search.py [line:149] INFO [INFO] save to store 2843
Sun, 21 Jan 2018 01:29:47 /data/love_spider/util/search.py [line:149] INFO [INFO] save to store 2844
Sun, 21 Jan 2018 01:29:47 /data/love_spider/util/search.py [line:149] INFO [INFO] save to store 2845
Sun, 21 Jan 2018 01:29:47 /data/love_spider/util/search.py [line:149] INFO [INFO] save to store 2846
Sun, 21 Jan 2018 01:29:47 /data/love_spider/util/search.py [line:149] INFO [INFO] save to store 2847
Sun, 21 Jan 2018 01:29:47 /data/love_spider/util/search.py [line:149] INFO [INFO] save to store 2848
Sun, 21 Jan 2018 01:29:47 /data/love_spider/util/search.py [line:149] INFO [INFO] save to store 2849
Sun, 21 Jan 2018 01:29:47 /data/love_spider/util/search.py [line:149] INFO [INFO] save to store 2850
Sun, 21 Jan 2018 01:29:47 /data/love_spider/util/search.py [line:149] INFO [INFO] save to store 2851
Sun, 21 Jan 2018 01:29:47 /data/love_spider/util/search.py [line:149] INFO [INFO] save to store 2852
Sun, 21 Jan 2018 01:29:47 /data/love_spider/util/search.py [line:149] INFO [INFO] save to store 2853
Sun, 21 Jan 2018 01:29:47 /data/love_spider/util/search.py [line:149] INFO [INFO] save to store 2854
Sun, 21 Jan 2018 01:29:47 /data/love_spider/util/search.py [line:149] INFO [INFO] save to store 2855
Sun, 21 Jan 2018 01:29:47 /data/love_spider/util/search.py [line:149] INFO [INFO] save to store 2856
Sun, 21 Jan 2018 01:29:47 /data/love_spider/util/search.py [line:149] INFO [INFO] save to store 2857
Sun, 21 Jan 2018 01:29:47 /data/love_spider/util/search.py [line:149] INFO [INFO] save to store 2858
Sun, 21 Jan 2018 01:29:47 /data/love_spider/util/search.py [line:149] INFO [INFO] save to store 2859
Sun, 21 Jan 2018 01:29:47 /data/love_spider/util/search.py [line:149] INFO [INFO] save to store 2860
Sun, 21 Jan 2018 01:29:47 /data/love_spider/util/search.py [line:149] INFO [INFO] save to store 2861
Sun, 21 Jan 2018 01:29:47 /data/love_spider/util/search.py [line:149] INFO [INFO] save to store 2862
Sun, 21 Jan 2018 01:29:47 /data/love_spider/util/search.py [line:149] INFO [INFO] save to store 2863
Sun, 21 Jan 2018 01:29:47 /data/love_spider/util/search.py [line:149] INFO [INFO] save to store 2864
Sun, 21 Jan 2018 01:29:47 /data/love_spider/util/search.py [line:149] INFO [INFO] save to store 2865
Sun, 21 Jan 2018 01:29:47 /data/love_spider/util/search.py [line:149] INFO [INFO] save to store 2866
Sun, 21 Jan 2018 01:29:47 /data/love_spider/util/search.py [line:149] INFO [INFO] save to store 2867
Sun, 21 Jan 2018 01:29:47 /data/love_spider/util/search.py [line:149] INFO [INFO] save to store 2868
Sun, 21 Jan 2018 01:29:47 /data/love_spider/util/search.py [line:149] INFO [INFO] save to store 2869
Sun, 21 Jan 2018 01:29:47 /data/love_spider/util/search.py [line:149] INFO [INFO] save to store 2870
Sun, 21 Jan 2018 01:29:47 /data/love_spider/util/search.py [line:149] INFO [INFO] save to store 2871
Sun, 21 Jan 2018 01:29:47 /data/love_spider/util/search.py [line:149] INFO [INFO] save to store 2872
Sun, 21 Jan 2018 01:29:47 /data/love_spider/util/search.py [line:149] INFO [INFO] save to store 2873
Sun, 21 Jan 2018 01:29:47 /data/love_spider/util/search.py [line:149] INFO [INFO] save to store 2874
Sun, 21 Jan 2018 01:29:47 /data/love_spider/util/search.py [line:149] INFO [INFO] save to store 2875
Sun, 21 Jan 2018 01:29:47 /data/love_spider/util/search.py [line:149] INFO [INFO] save to store 2876
Sun, 21 Jan 2018 01:29:48 /data/love_spider/util/search.py [line:149] INFO [INFO] save to store 2877
Sun, 21 Jan 2018 01:29:48 /data/love_spider/util/search.py [line:149] INFO [INFO] save to store 2878
Sun, 21 Jan 2018 01:29:48 /data/love_spider/util/search.py [line:149] INFO [INFO] save to store 2879
Sun, 21 Jan 2018 01:29:48 /data/love_spider/util/search.py [line:149] INFO [INFO] save to store 2880
Sun, 21 Jan 2018 01:29:48 /data/love_spider/util/search.py [line:149] INFO [INFO] save to store 2881
Sun, 21 Jan 2018 01:29:48 /data/love_spider/util/search.py [line:149] INFO [INFO] save to store 2882
Sun, 21 Jan 2018 01:29:48 /data/love_spider/util/search.py [line:149] INFO [INFO] save to store 2883
Sun, 21 Jan 2018 01:29:48 /data/love_spider/util/search.py [line:149] INFO [INFO] save to store 2884
Sun, 21 Jan 2018 01:29:48 /data/love_spider/util/search.py [line:149] INFO [INFO] save to store 2885
Sun, 21 Jan 2018 01:29:48 /data/love_spider/util/search.py [line:149] INFO [INFO] save to store 2886
Sun, 21 Jan 2018 01:29:48 /data/love_spider/util/search.py [line:149] INFO [INFO] save to store 2887
Sun, 21 Jan 2018 01:29:48 /data/love_spider/util/search.py [line:149] INFO [INFO] save to store 2888
Sun, 21 Jan 2018 01:29:48 /data/love_spider/util/search.py [line:149] INFO [INFO] save to store 2889
Sun, 21 Jan 2018 01:29:48 /data/love_spider/util/search.py [line:149] INFO [INFO] save to store 2890
Sun, 21 Jan 2018 01:29:48 /data/love_spider/util/search.py [line:149] INFO [INFO] save to store 2891
Sun, 21 Jan 2018 01:29:48 /data/love_spider/util/search.py [line:149] INFO [INFO] save to store 2892
Sun, 21 Jan 2018 01:29:48 /data/love_spider/util/search.py [line:149] INFO [INFO] save to store 2893
Sun, 21 Jan 2018 01:29:48 /data/love_spider/util/search.py [line:149] INFO [INFO] save to store 2894
Sun, 21 Jan 2018 01:29:48 /data/love_spider/util/search.py [line:149] INFO [INFO] save to store 2895
Sun, 21 Jan 2018 01:29:48 /data/love_spider/util/search.py [line:149] INFO [INFO] save to store 2896
Sun, 21 Jan 2018 01:29:48 /data/love_spider/util/search.py [line:149] INFO [INFO] save to store 2897
Sun, 21 Jan 2018 01:29:48 /data/love_spider/util/search.py [line:149] INFO [INFO] save to store 2898
Sun, 21 Jan 2018 01:29:48 /data/love_spider/util/search.py [line:149] INFO [INFO] save to store 2899
Sun, 21 Jan 2018 01:29:48 /data/love_spider/util/search.py [line:149] INFO [INFO] save to store 2900
Sun, 21 Jan 2018 01:29:48 /data/love_spider/util/search.py [line:149] INFO [INFO] save to store 2901
Sun, 21 Jan 2018 01:29:48 /data/love_spider/util/search.py [line:149] INFO [INFO] save to store 2902
Sun, 21 Jan 2018 01:29:48 /data/love_spider/util/search.py [line:149] INFO [INFO] save to store 2903
Sun, 21 Jan 2018 01:29:48 /data/love_spider/util/search.py [line:149] INFO [INFO] save to store 2904
Sun, 21 Jan 2018 01:29:48 /data/love_spider/util/search.py [line:149] INFO [INFO] save to store 2905
Sun, 21 Jan 2018 01:29:48 /data/love_spider/util/search.py [line:149] INFO [INFO] save to store 2906
Sun, 21 Jan 2018 01:29:48 /data/love_spider/util/search.py [line:149] INFO [INFO] save to store 2907
Sun, 21 Jan 2018 01:29:48 /data/love_spider/util/search.py [line:149] INFO [INFO] save to store 2908
Sun, 21 Jan 2018 01:29:48 /data/love_spider/util/search.py [line:149] INFO [INFO] save to store 2909
Sun, 21 Jan 2018 01:29:48 /data/love_spider/util/search.py [line:149] INFO [INFO] save to store 2910
Sun, 21 Jan 2018 01:29:48 /data/love_spider/util/search.py [line:149] INFO [INFO] save to store 2911
Sun, 21 Jan 2018 01:29:48 /data/love_spider/util/search.py [line:149] INFO [INFO] save to store 2912
Sun, 21 Jan 2018 01:29:48 /data/love_spider/util/search.py [line:149] INFO [INFO] save to store 2913
Sun, 21 Jan 2018 01:29:48 /data/love_spider/util/search.py [line:149] INFO [INFO] save to store 2914
Sun, 21 Jan 2018 01:29:48 /data/love_spider/util/search.py [line:149] INFO [INFO] save to store 2915
Sun, 21 Jan 2018 01:29:48 /data/love_spider/util/search.py [line:149] INFO [INFO] save to store 2916
Sun, 21 Jan 2018 01:29:48 /data/love_spider/util/search.py [line:149] INFO [INFO] save to store 2917
Sun, 21 Jan 2018 01:29:48 /data/love_spider/util/search.py [line:149] INFO [INFO] save to store 2918
Sun, 21 Jan 2018 01:29:48 /data/love_spider/util/search.py [line:149] INFO [INFO] save to store 2919
Sun, 21 Jan 2018 01:29:48 /data/love_spider/util/search.py [line:149] INFO [INFO] save to store 2920
Sun, 21 Jan 2018 01:29:48 /data/love_spider/util/search.py [line:149] INFO [INFO] save to store 2921
Sun, 21 Jan 2018 01:29:48 /data/love_spider/util/search.py [line:149] INFO [INFO] save to store 2922
Sun, 21 Jan 2018 01:29:48 /data/love_spider/util/search.py [line:149] INFO [INFO] save to store 2923
Sun, 21 Jan 2018 01:29:49 /data/love_spider/util/search.py [line:149] INFO [INFO] save to store 2924
Sun, 21 Jan 2018 01:29:49 /data/love_spider/util/search.py [line:149] INFO [INFO] save to store 2925
Sun, 21 Jan 2018 01:29:49 /data/love_spider/util/search.py [line:149] INFO [INFO] save to store 2926
Sun, 21 Jan 2018 01:29:49 /data/love_spider/util/search.py [line:149] INFO [INFO] save to store 2927
Sun, 21 Jan 2018 01:29:49 /data/love_spider/util/search.py [line:149] INFO [INFO] save to store 2928
Sun, 21 Jan 2018 01:29:49 /data/love_spider/util/search.py [line:149] INFO [INFO] save to store 2929
Sun, 21 Jan 2018 01:29:49 /data/love_spider/util/search.py [line:149] INFO [INFO] save to store 2930
Sun, 21 Jan 2018 01:29:49 /data/love_spider/util/search.py [line:149] INFO [INFO] save to store 2931
Sun, 21 Jan 2018 01:29:49 /data/love_spider/util/search.py [line:149] INFO [INFO] save to store 2932
Sun, 21 Jan 2018 01:29:49 /data/love_spider/util/search.py [line:149] INFO [INFO] save to store 2933
Sun, 21 Jan 2018 01:29:49 /data/love_spider/util/search.py [line:149] INFO [INFO] save to store 2934
Sun, 21 Jan 2018 01:29:49 /data/love_spider/util/search.py [line:149] INFO [INFO] save to store 2935
Sun, 21 Jan 2018 01:29:49 /data/love_spider/util/search.py [line:149] INFO [INFO] save to store 2936
Sun, 21 Jan 2018 01:29:49 /data/love_spider/util/search.py [line:149] INFO [INFO] save to store 2937
Sun, 21 Jan 2018 01:29:49 /data/love_spider/util/search.py [line:149] INFO [INFO] save to store 2938
Sun, 21 Jan 2018 01:29:49 /data/love_spider/util/search.py [line:149] INFO [INFO] save to store 2939
Sun, 21 Jan 2018 01:29:49 /data/love_spider/util/search.py [line:149] INFO [INFO] save to store 2940
Sun, 21 Jan 2018 01:29:49 /data/love_spider/util/search.py [line:149] INFO [INFO] save to store 2941
Sun, 21 Jan 2018 01:29:49 /data/love_spider/util/search.py [line:149] INFO [INFO] save to store 2942
Sun, 21 Jan 2018 01:29:49 /data/love_spider/util/search.py [line:149] INFO [INFO] save to store 2943
Sun, 21 Jan 2018 01:29:49 /data/love_spider/util/search.py [line:149] INFO [INFO] save to store 2944
Sun, 21 Jan 2018 01:29:49 /data/love_spider/util/search.py [line:149] INFO [INFO] save to store 2945
Sun, 21 Jan 2018 01:29:50 /data/love_spider/util/search.py [line:149] INFO [INFO] save to store 2946
Sun, 21 Jan 2018 01:29:50 /data/love_spider/util/search.py [line:149] INFO [INFO] save to store 2947
Sun, 21 Jan 2018 01:29:50 /data/love_spider/util/search.py [line:149] INFO [INFO] save to store 2948
Sun, 21 Jan 2018 01:29:50 /data/love_spider/util/search.py [line:149] INFO [INFO] save to store 2949
Sun, 21 Jan 2018 01:29:50 /data/love_spider/util/search.py [line:149] INFO [INFO] save to store 2950
Sun, 21 Jan 2018 01:29:50 /data/love_spider/util/search.py [line:149] INFO [INFO] save to store 2951
Sun, 21 Jan 2018 01:29:50 /data/love_spider/util/search.py [line:149] INFO [INFO] save to store 2952
Sun, 21 Jan 2018 01:29:51 /data/love_spider/util/search.py [line:149] INFO [INFO] save to store 2953
Sun, 21 Jan 2018 01:29:51 /data/love_spider/util/search.py [line:149] INFO [INFO] save to store 2954
Sun, 21 Jan 2018 01:29:51 /data/love_spider/util/search.py [line:149] INFO [INFO] save to store 2955
Sun, 21 Jan 2018 01:29:51 /data/love_spider/util/search.py [line:149] INFO [INFO] save to store 2956
Sun, 21 Jan 2018 01:29:51 /data/love_spider/util/search.py [line:149] INFO [INFO] save to store 2957
Sun, 21 Jan 2018 01:29:51 /data/love_spider/util/search.py [line:149] INFO [INFO] save to store 2958
Sun, 21 Jan 2018 01:29:51 /data/love_spider/util/search.py [line:149] INFO [INFO] save to store 2959
Sun, 21 Jan 2018 01:29:51 /data/love_spider/util/search.py [line:149] INFO [INFO] save to store 2960
Sun, 21 Jan 2018 01:29:51 /data/love_spider/util/search.py [line:149] INFO [INFO] save to store 2961
Sun, 21 Jan 2018 01:29:51 /data/love_spider/util/search.py [line:149] INFO [INFO] save to store 2962
Sun, 21 Jan 2018 01:29:51 /data/love_spider/util/search.py [line:149] INFO [INFO] save to store 2963
Sun, 21 Jan 2018 01:29:51 /data/love_spider/util/search.py [line:149] INFO [INFO] save to store 2964
Sun, 21 Jan 2018 01:29:51 /data/love_spider/util/search.py [line:149] INFO [INFO] save to store 2965
Sun, 21 Jan 2018 01:29:51 /data/love_spider/util/search.py [line:149] INFO [INFO] save to store 2966
Sun, 21 Jan 2018 01:29:51 /data/love_spider/util/search.py [line:149] INFO [INFO] save to store 2967
Sun, 21 Jan 2018 01:29:51 /data/love_spider/util/search.py [line:149] INFO [INFO] save to store 2968
Sun, 21 Jan 2018 01:29:51 /data/love_spider/util/search.py [line:149] INFO [INFO] save to store 2969
Sun, 21 Jan 2018 01:29:51 /data/love_spider/util/search.py [line:149] INFO [INFO] save to store 2970
Sun, 21 Jan 2018 01:29:51 /data/love_spider/util/search.py [line:149] INFO [INFO] save to store 2971
Sun, 21 Jan 2018 01:29:51 /data/love_spider/util/search.py [line:149] INFO [INFO] save to store 2972
Sun, 21 Jan 2018 01:29:51 /data/love_spider/util/search.py [line:149] INFO [INFO] save to store 2973
Sun, 21 Jan 2018 01:29:51 /data/love_spider/util/search.py [line:149] INFO [INFO] save to store 2974
Sun, 21 Jan 2018 01:29:51 /data/love_spider/util/search.py [line:149] INFO [INFO] save to store 2975
Sun, 21 Jan 2018 01:29:51 /data/love_spider/util/search.py [line:149] INFO [INFO] save to store 2976
Sun, 21 Jan 2018 01:29:51 /data/love_spider/util/search.py [line:149] INFO [INFO] save to store 2977
Sun, 21 Jan 2018 01:29:51 /data/love_spider/util/search.py [line:149] INFO [INFO] save to store 2978
Sun, 21 Jan 2018 01:29:51 /data/love_spider/util/search.py [line:149] INFO [INFO] save to store 2979
Sun, 21 Jan 2018 01:29:51 /data/love_spider/util/search.py [line:149] INFO [INFO] save to store 2980
Sun, 21 Jan 2018 01:29:51 /data/love_spider/util/search.py [line:149] INFO [INFO] save to store 2981
Sun, 21 Jan 2018 01:29:51 /data/love_spider/util/search.py [line:149] INFO [INFO] save to store 2982
Sun, 21 Jan 2018 01:29:51 /data/love_spider/util/search.py [line:149] INFO [INFO] save to store 2983
Sun, 21 Jan 2018 01:29:51 /data/love_spider/util/search.py [line:149] INFO [INFO] save to store 2984
Sun, 21 Jan 2018 01:29:51 /data/love_spider/util/search.py [line:149] INFO [INFO] save to store 2985
Sun, 21 Jan 2018 01:29:51 /data/love_spider/util/search.py [line:149] INFO [INFO] save to store 2986
Sun, 21 Jan 2018 01:29:51 /data/love_spider/util/search.py [line:149] INFO [INFO] save to store 2987
Sun, 21 Jan 2018 01:29:51 /data/love_spider/util/search.py [line:149] INFO [INFO] save to store 2988
Sun, 21 Jan 2018 01:29:51 /data/love_spider/util/search.py [line:149] INFO [INFO] save to store 2989
Sun, 21 Jan 2018 01:29:51 /data/love_spider/util/search.py [line:149] INFO [INFO] save to store 2990
Sun, 21 Jan 2018 01:29:51 /data/love_spider/util/search.py [line:149] INFO [INFO] save to store 2991
Sun, 21 Jan 2018 01:29:51 /data/love_spider/util/search.py [line:149] INFO [INFO] save to store 2992
Sun, 21 Jan 2018 01:29:52 /data/love_spider/util/search.py [line:149] INFO [INFO] save to store 2993
Sun, 21 Jan 2018 01:29:52 /data/love_spider/util/search.py [line:149] INFO [INFO] save to store 2994
Sun, 21 Jan 2018 01:29:52 /data/love_spider/util/search.py [line:149] INFO [INFO] save to store 2995
Sun, 21 Jan 2018 01:29:52 /data/love_spider/util/search.py [line:149] INFO [INFO] save to store 2996
Sun, 21 Jan 2018 01:29:52 /data/love_spider/util/search.py [line:149] INFO [INFO] save to store 2997
Sun, 21 Jan 2018 01:29:52 /data/love_spider/util/search.py [line:149] INFO [INFO] save to store 2998
Sun, 21 Jan 2018 01:29:52 /data/love_spider/util/search.py [line:149] INFO [INFO] save to store 2999
Sun, 21 Jan 2018 01:29:52 /data/love_spider/util/search.py [line:149] INFO [INFO] save to store 3000
Sun, 21 Jan 2018 01:29:52 /data/love_spider/util/search.py [line:149] INFO [INFO] save to store 3001
Sun, 21 Jan 2018 01:29:52 /data/love_spider/util/search.py [line:149] INFO [INFO] save to store 3002
Sun, 21 Jan 2018 01:29:52 /data/love_spider/util/search.py [line:149] INFO [INFO] save to store 3003
Sun, 21 Jan 2018 01:29:52 /data/love_spider/util/search.py [line:149] INFO [INFO] save to store 3004
Sun, 21 Jan 2018 01:29:52 /data/love_spider/util/search.py [line:149] INFO [INFO] save to store 3005
Sun, 21 Jan 2018 01:29:52 /data/love_spider/util/search.py [line:149] INFO [INFO] save to store 3006
Sun, 21 Jan 2018 01:29:52 /data/love_spider/util/search.py [line:149] INFO [INFO] save to store 3007
Sun, 21 Jan 2018 01:29:52 /data/love_spider/util/search.py [line:149] INFO [INFO] save to store 3008
Sun, 21 Jan 2018 01:29:52 /data/love_spider/util/search.py [line:149] INFO [INFO] save to store 3009
Sun, 21 Jan 2018 01:29:52 /data/love_spider/util/search.py [line:149] INFO [INFO] save to store 3010
Sun, 21 Jan 2018 01:29:52 /data/love_spider/util/search.py [line:149] INFO [INFO] save to store 3011
Sun, 21 Jan 2018 01:29:52 /data/love_spider/util/search.py [line:149] INFO [INFO] save to store 3012
Sun, 21 Jan 2018 01:29:52 /data/love_spider/util/search.py [line:149] INFO [INFO] save to store 3013
Sun, 21 Jan 2018 01:29:52 /data/love_spider/util/search.py [line:149] INFO [INFO] save to store 3014
Sun, 21 Jan 2018 01:29:52 /data/love_spider/util/search.py [line:149] INFO [INFO] save to store 3015
Sun, 21 Jan 2018 01:29:52 /data/love_spider/util/search.py [line:149] INFO [INFO] save to store 3016
Sun, 21 Jan 2018 01:29:52 /data/love_spider/util/search.py [line:149] INFO [INFO] save to store 3017
Sun, 21 Jan 2018 01:29:52 /data/love_spider/util/search.py [line:149] INFO [INFO] save to store 3018
Sun, 21 Jan 2018 01:29:52 /data/love_spider/util/search.py [line:149] INFO [INFO] save to store 3019
Sun, 21 Jan 2018 01:29:52 /data/love_spider/util/search.py [line:149] INFO [INFO] save to store 3020
Sun, 21 Jan 2018 01:29:52 /data/love_spider/util/search.py [line:149] INFO [INFO] save to store 3021
Sun, 21 Jan 2018 01:29:52 /data/love_spider/util/search.py [line:149] INFO [INFO] save to store 3022
Sun, 21 Jan 2018 01:29:52 /data/love_spider/util/search.py [line:149] INFO [INFO] save to store 3023
Sun, 21 Jan 2018 01:29:52 /data/love_spider/util/search.py [line:149] INFO [INFO] save to store 3024
Sun, 21 Jan 2018 01:29:52 /data/love_spider/util/search.py [line:149] INFO [INFO] save to store 3025
Sun, 21 Jan 2018 01:29:52 /data/love_spider/util/search.py [line:149] INFO [INFO] save to store 3026
Sun, 21 Jan 2018 01:29:52 /data/love_spider/util/search.py [line:149] INFO [INFO] save to store 3027
Sun, 21 Jan 2018 01:29:52 /data/love_spider/util/search.py [line:149] INFO [INFO] save to store 3028
Sun, 21 Jan 2018 01:29:52 /data/love_spider/util/search.py [line:149] INFO [INFO] save to store 3029
Sun, 21 Jan 2018 01:29:52 /data/love_spider/util/search.py [line:149] INFO [INFO] save to store 3030
Sun, 21 Jan 2018 01:29:52 /data/love_spider/util/search.py [line:149] INFO [INFO] save to store 3031
Sun, 21 Jan 2018 01:29:52 /data/love_spider/util/search.py [line:149] INFO [INFO] save to store 3032
Sun, 21 Jan 2018 01:29:52 /data/love_spider/util/search.py [line:149] INFO [INFO] save to store 3033
Sun, 21 Jan 2018 01:29:52 /data/love_spider/util/search.py [line:149] INFO [INFO] save to store 3034
Sun, 21 Jan 2018 01:29:52 /data/love_spider/util/search.py [line:149] INFO [INFO] save to store 3035
Sun, 21 Jan 2018 01:29:52 /data/love_spider/util/search.py [line:149] INFO [INFO] save to store 3036
Sun, 21 Jan 2018 01:29:52 /data/love_spider/util/search.py [line:149] INFO [INFO] save to store 3037
Sun, 21 Jan 2018 01:29:52 /data/love_spider/util/search.py [line:149] INFO [INFO] save to store 3038
Sun, 21 Jan 2018 01:29:52 /data/love_spider/util/search.py [line:149] INFO [INFO] save to store 3039
Sun, 21 Jan 2018 01:29:52 /data/love_spider/util/search.py [line:149] INFO [INFO] save to store 3040
Sun, 21 Jan 2018 01:29:52 /data/love_spider/util/search.py [line:149] INFO [INFO] save to store 3041
Sun, 21 Jan 2018 01:29:52 /data/love_spider/util/search.py [line:149] INFO [INFO] save to store 3042
Sun, 21 Jan 2018 01:29:52 /data/love_spider/util/search.py [line:149] INFO [INFO] save to store 3043
Sun, 21 Jan 2018 01:29:52 /data/love_spider/util/search.py [line:149] INFO [INFO] save to store 3044
Sun, 21 Jan 2018 01:29:52 /data/love_spider/util/search.py [line:149] INFO [INFO] save to store 3045
Sun, 21 Jan 2018 01:29:52 /data/love_spider/util/search.py [line:149] INFO [INFO] save to store 3046
Sun, 21 Jan 2018 01:29:52 /data/love_spider/util/search.py [line:149] INFO [INFO] save to store 3047
Sun, 21 Jan 2018 01:29:52 /data/love_spider/util/search.py [line:149] INFO [INFO] save to store 3048
Sun, 21 Jan 2018 01:29:52 /data/love_spider/util/search.py [line:149] INFO [INFO] save to store 3049
Sun, 21 Jan 2018 01:29:53 /data/love_spider/util/search.py [line:149] INFO [INFO] save to store 3050
Sun, 21 Jan 2018 01:29:53 /data/love_spider/util/search.py [line:149] INFO [INFO] save to store 3051
Sun, 21 Jan 2018 01:29:53 /data/love_spider/util/search.py [line:149] INFO [INFO] save to store 3052
Sun, 21 Jan 2018 01:29:53 /data/love_spider/util/search.py [line:149] INFO [INFO] save to store 3053
Sun, 21 Jan 2018 01:29:53 /data/love_spider/util/search.py [line:149] INFO [INFO] save to store 3054
Sun, 21 Jan 2018 01:29:53 /data/love_spider/util/search.py [line:149] INFO [INFO] save to store 3055
Sun, 21 Jan 2018 01:29:53 /data/love_spider/util/search.py [line:149] INFO [INFO] save to store 3056
Sun, 21 Jan 2018 01:29:53 /data/love_spider/util/search.py [line:149] INFO [INFO] save to store 3057
Sun, 21 Jan 2018 01:29:53 /data/love_spider/util/search.py [line:149] INFO [INFO] save to store 3058
Sun, 21 Jan 2018 01:29:53 /data/love_spider/util/search.py [line:149] INFO [INFO] save to store 3059
Sun, 21 Jan 2018 01:29:53 /data/love_spider/util/search.py [line:149] INFO [INFO] save to store 3060
Sun, 21 Jan 2018 01:29:53 /data/love_spider/util/search.py [line:149] INFO [INFO] save to store 3061
Sun, 21 Jan 2018 01:29:53 /data/love_spider/util/search.py [line:149] INFO [INFO] save to store 3062
Sun, 21 Jan 2018 01:29:53 /data/love_spider/util/search.py [line:149] INFO [INFO] save to store 3063
Sun, 21 Jan 2018 01:29:53 /data/love_spider/util/search.py [line:149] INFO [INFO] save to store 3064
Sun, 21 Jan 2018 01:29:53 /data/love_spider/util/search.py [line:149] INFO [INFO] save to store 3065
Sun, 21 Jan 2018 01:29:53 /data/love_spider/util/search.py [line:149] INFO [INFO] save to store 3066
Sun, 21 Jan 2018 01:29:53 /data/love_spider/util/search.py [line:149] INFO [INFO] save to store 3067
Sun, 21 Jan 2018 01:29:53 /data/love_spider/util/search.py [line:149] INFO [INFO] save to store 3068
Sun, 21 Jan 2018 01:29:53 /data/love_spider/util/search.py [line:149] INFO [INFO] save to store 3069
Sun, 21 Jan 2018 01:29:53 /data/love_spider/util/search.py [line:149] INFO [INFO] save to store 3070
Sun, 21 Jan 2018 01:29:54 /data/love_spider/util/search.py [line:149] INFO [INFO] save to store 3071
Sun, 21 Jan 2018 01:29:54 /data/love_spider/util/search.py [line:149] INFO [INFO] save to store 3072
Sun, 21 Jan 2018 01:29:54 /data/love_spider/util/search.py [line:149] INFO [INFO] save to store 3073
Sun, 21 Jan 2018 01:29:54 /data/love_spider/util/search.py [line:149] INFO [INFO] save to store 3074
Sun, 21 Jan 2018 01:29:54 /data/love_spider/util/search.py [line:149] INFO [INFO] save to store 3075
Sun, 21 Jan 2018 01:29:54 /data/love_spider/util/search.py [line:149] INFO [INFO] save to store 3076
Sun, 21 Jan 2018 01:29:54 /data/love_spider/util/search.py [line:149] INFO [INFO] save to store 3077
Sun, 21 Jan 2018 01:29:54 /data/love_spider/util/search.py [line:149] INFO [INFO] save to store 3078
Sun, 21 Jan 2018 01:29:54 /data/love_spider/util/search.py [line:149] INFO [INFO] save to store 3079
Sun, 21 Jan 2018 01:29:54 /data/love_spider/util/search.py [line:149] INFO [INFO] save to store 3080
Sun, 21 Jan 2018 01:29:54 /data/love_spider/public/db/search_db.py [line:28] INFO [INFO] GET goods_goods: this_page:500 - page_size:500
